app/build/intermediates/manifest_merge_blame_file/debug/manifest-merger-blame-debug-report.txt
1<?xml version="1.0" encoding="utf-8"?>
2<manifest xmlns:android="http://schemas.android.com/apk/res/android"
3    package="com.inbeacon.inbeaconexample"
4    android:versionCode="1"
5    android:versionName="1.0" >
6
7    <uses-sdk
8        android:minSdkVersion="24"
8-->src/main/AndroidManifest.xml
9        android:targetSdkVersion="29" />
9-->src/main/AndroidManifest.xml
10
11    <uses-permission android:name="android.permission.ACCESS_FINE_LOCATION" />
11-->src/main/AndroidManifest.xml:5:5-78
11-->src/main/AndroidManifest.xml:5:22-76
12    <uses-permission android:name="android.permission.INTERNET" />
12-->[com.inbeacon:android.sdk:2.6.02] AndroidManifest.xml:11:5-67
12-->[com.inbeacon:android.sdk:2.6.02] AndroidManifest.xml:11:22-64
13    <uses-permission
13-->[com.inbeacon:android.sdk:2.6.02] AndroidManifest.xml:12:5-68
14        android:name="android.permission.BLUETOOTH"
14-->[com.inbeacon:android.sdk:2.6.02] AndroidManifest.xml:12:22-65
15        android:required="false" />
15-->[org.altbeacon:android-beacon-library:2.17] AndroidManifest.xml:13:9-33
16    <uses-permission
16-->[com.inbeacon:android.sdk:2.6.02] AndroidManifest.xml:13:5-74
17        android:name="android.permission.BLUETOOTH_ADMIN"
17-->[com.inbeacon:android.sdk:2.6.02] AndroidManifest.xml:13:22-71
18        android:required="false" />
18-->[org.altbeacon:android-beacon-library:2.17] AndroidManifest.xml:16:9-33
19    <uses-permission android:name="android.permission.RECEIVE_BOOT_COMPLETED" />
19-->[com.inbeacon:android.sdk:2.6.02] AndroidManifest.xml:14:5-81
19-->[com.inbeacon:android.sdk:2.6.02] AndroidManifest.xml:14:22-78
20    <uses-permission android:name="android.permission.ACCESS_BACKGROUND_LOCATION" /> <!-- needed for JobApiService in pre-Oreo -->
20-->[com.inbeacon:android.sdk:2.6.02] AndroidManifest.xml:17:5-85
20-->[com.inbeacon:android.sdk:2.6.02] AndroidManifest.xml:17:22-82
21    <uses-permission android:name="android.permission.WAKE_LOCK" />
21-->[com.inbeacon:android.sdk:2.6.02] AndroidManifest.xml:19:5-68
21-->[com.inbeacon:android.sdk:2.6.02] AndroidManifest.xml:19:22-65
22    <uses-permission android:name="android.permission.ACCESS_NETWORK_STATE" />
22-->[androidx.work:work-runtime:2.3.4] AndroidManifest.xml:26:5-79
22-->[androidx.work:work-runtime:2.3.4] AndroidManifest.xml:26:22-76
23    <uses-permission android:name="android.permission.FOREGROUND_SERVICE" />
23-->[androidx.work:work-runtime:2.3.4] AndroidManifest.xml:28:5-77
23-->[androidx.work:work-runtime:2.3.4] AndroidManifest.xml:28:22-74
24    <uses-permission android:name="android.permission.ACCESS_COARSE_LOCATION" /> <!-- Add your Application class using android:name -->
24-->[org.altbeacon:android-beacon-library:2.17] AndroidManifest.xml:18:5-81
24-->[org.altbeacon:android-beacon-library:2.17] AndroidManifest.xml:18:22-78
25    <application
25-->src/main/AndroidManifest.xml:8:5-22:19
26        android:name="com.inbeacon.inbeaconexample.MainApplication"
26-->src/main/AndroidManifest.xml:9:9-40
27        android:allowBackup="true"
27-->src/main/AndroidManifest.xml:10:9-35
28        android:appComponentFactory="androidx.core.app.CoreComponentFactory"
28-->[androidx.core:core:1.1.0] AndroidManifest.xml:24:18-86
29        android:debuggable="true"
30        android:extractNativeLibs="false"
31        android:icon="@mipmap/ic_launcher"
31-->src/main/AndroidManifest.xml:11:9-43
32        android:label="@string/app_name"
32-->src/main/AndroidManifest.xml:12:9-41
33        android:supportsRtl="true"
33-->src/main/AndroidManifest.xml:13:9-35
34        android:testOnly="true"
35        android:theme="@style/AppTheme" >
35-->src/main/AndroidManifest.xml:14:9-40
36        <activity android:name="com.inbeacon.inbeaconexample.MainActivity" >
36-->src/main/AndroidManifest.xml:15:9-21:20
36-->src/main/AndroidManifest.xml:15:19-47
37            <intent-filter>
37-->src/main/AndroidManifest.xml:16:13-20:29
38                <action android:name="android.intent.action.MAIN" />
38-->src/main/AndroidManifest.xml:17:17-68
38-->src/main/AndroidManifest.xml:17:25-66
39
40                <category android:name="android.intent.category.LAUNCHER" />
40-->src/main/AndroidManifest.xml:19:17-76
40-->src/main/AndroidManifest.xml:19:27-74
41            </intent-filter>
42        </activity>
43        <!-- singleTask !! excludeFromRecents = dont show in running-apps list !! tastaffinity="" for NEW task -->
44        <!-- exported=true see http://stackoverflow.com/questions/21250364/notification-click-not-launch-the-given-activity-on-nexus-phones -->
45        <!-- singleTask !! excludeFromRecents = dont show in running-apps list !! tastaffinity="" for NEW task -->
46        <!-- exported=true see http://stackoverflow.com/questions/21250364/notification-click-not-launch-the-given-activity-on-nexus-phones -->
47        <!-- 20181105 exported=false see https://stackoverflow.com/questions/53095398/google-play-warning-your-app-contains-a-cross-app-scripting-vulnerability -->
48        <activity
48-->[com.inbeacon:android.sdk:2.6.02] AndroidManifest.xml:28:9-36:20
49            android:name="com.inbeacon.sdk.Campaigns.Views.ViewUrlActivity"
49-->[com.inbeacon:android.sdk:2.6.02] AndroidManifest.xml:29:13-76
50            android:excludeFromRecents="true"
50-->[com.inbeacon:android.sdk:2.6.02] AndroidManifest.xml:30:13-46
51            android:exported="false"
51-->[com.inbeacon:android.sdk:2.6.02] AndroidManifest.xml:31:13-37
52            android:icon="@drawable/proximity"
52-->[com.inbeacon:android.sdk:2.6.02] AndroidManifest.xml:32:13-47
53            android:label=" "
53-->[com.inbeacon:android.sdk:2.6.02] AndroidManifest.xml:33:13-30
54            android:launchMode="singleTask"
54-->[com.inbeacon:android.sdk:2.6.02] AndroidManifest.xml:34:13-44
55            android:taskAffinity="" >
55-->[com.inbeacon:android.sdk:2.6.02] AndroidManifest.xml:35:13-36
56        </activity>
57
58        <service
58-->[com.inbeacon:android.sdk:2.6.02] AndroidManifest.xml:38:9-40:40
59            android:name="com.inbeacon.sdk.Api.ApiService"
59-->[com.inbeacon:android.sdk:2.6.02] AndroidManifest.xml:39:13-59
60            android:exported="false" />
60-->[com.inbeacon:android.sdk:2.6.02] AndroidManifest.xml:40:13-37
61        <service
61-->[com.inbeacon:android.sdk:2.6.02] AndroidManifest.xml:41:9-43:40
62            android:name="com.inbeacon.sdk.Base.ForegroundService"
62-->[com.inbeacon:android.sdk:2.6.02] AndroidManifest.xml:42:13-67
63            android:exported="false" />
63-->[com.inbeacon:android.sdk:2.6.02] AndroidManifest.xml:43:13-37
64        <service
64-->[com.inbeacon:android.sdk:2.6.02] AndroidManifest.xml:44:9-46:72
65            android:name="com.inbeacon.sdk.Api.JobApiService"
65-->[com.inbeacon:android.sdk:2.6.02] AndroidManifest.xml:45:13-62
66            android:permission="android.permission.BIND_JOB_SERVICE" />
66-->[com.inbeacon:android.sdk:2.6.02] AndroidManifest.xml:46:13-69
67        <service android:name="com.inbeacon.sdk.Gps.GeofenceTransitionsIntentService" />
67-->[com.inbeacon:android.sdk:2.6.02] AndroidManifest.xml:47:9-89
67-->[com.inbeacon:android.sdk:2.6.02] AndroidManifest.xml:47:18-86
68
69        <activity
69-->[com.google.android.gms:play-services-base:17.0.0] AndroidManifest.xml:23:9-26:75
70            android:name="com.google.android.gms.common.api.GoogleApiActivity"
70-->[com.google.android.gms:play-services-base:17.0.0] AndroidManifest.xml:24:13-79
71            android:exported="false"
71-->[com.google.android.gms:play-services-base:17.0.0] AndroidManifest.xml:25:13-37
72            android:theme="@android:style/Theme.Translucent.NoTitleBar" />
72-->[com.google.android.gms:play-services-base:17.0.0] AndroidManifest.xml:26:13-72
73
74        <meta-data
74-->[com.google.android.gms:play-services-basement:17.0.0] AndroidManifest.xml:23:9-25:69
75            android:name="com.google.android.gms.version"
75-->[com.google.android.gms:play-services-basement:17.0.0] AndroidManifest.xml:24:13-58
76            android:value="@integer/google_play_services_version" />
76-->[com.google.android.gms:play-services-basement:17.0.0] AndroidManifest.xml:25:13-66
77
78        <provider
78-->[androidx.work:work-runtime:2.3.4] AndroidManifest.xml:31:9-37:35
79            android:name="androidx.work.impl.WorkManagerInitializer"
79-->[androidx.work:work-runtime:2.3.4] AndroidManifest.xml:32:13-69
80            android:authorities="com.inbeacon.inbeaconexample.workmanager-init"
80-->[androidx.work:work-runtime:2.3.4] AndroidManifest.xml:33:13-68
81            android:directBootAware="false"
81-->[androidx.work:work-runtime:2.3.4] AndroidManifest.xml:34:13-44
82            android:exported="false"
82-->[androidx.work:work-runtime:2.3.4] AndroidManifest.xml:35:13-37
83            android:multiprocess="true" />
83-->[androidx.work:work-runtime:2.3.4] AndroidManifest.xml:36:13-40
84
85        <service
85-->[androidx.work:work-runtime:2.3.4] AndroidManifest.xml:39:9-44:35
86            android:name="androidx.work.impl.background.systemalarm.SystemAlarmService"
86-->[androidx.work:work-runtime:2.3.4] AndroidManifest.xml:40:13-88
87            android:directBootAware="false"
87-->[androidx.work:work-runtime:2.3.4] AndroidManifest.xml:41:13-44
88            android:enabled="@bool/enable_system_alarm_service_default"
88-->[androidx.work:work-runtime:2.3.4] AndroidManifest.xml:42:13-72
89            android:exported="false" />
89-->[androidx.work:work-runtime:2.3.4] AndroidManifest.xml:43:13-37
90        <service
90-->[androidx.work:work-runtime:2.3.4] AndroidManifest.xml:45:9-51:35
91            android:name="androidx.work.impl.background.systemjob.SystemJobService"
91-->[androidx.work:work-runtime:2.3.4] AndroidManifest.xml:46:13-84
92            android:directBootAware="false"
92-->[androidx.work:work-runtime:2.3.4] AndroidManifest.xml:47:13-44
93            android:enabled="@bool/enable_system_job_service_default"
93-->[androidx.work:work-runtime:2.3.4] AndroidManifest.xml:48:13-70
94            android:exported="true"
94-->[androidx.work:work-runtime:2.3.4] AndroidManifest.xml:49:13-36
95            android:permission="android.permission.BIND_JOB_SERVICE" />
95-->[androidx.work:work-runtime:2.3.4] AndroidManifest.xml:50:13-69
96        <service
96-->[androidx.work:work-runtime:2.3.4] AndroidManifest.xml:52:9-57:35
97            android:name="androidx.work.impl.foreground.SystemForegroundService"
97-->[androidx.work:work-runtime:2.3.4] AndroidManifest.xml:53:13-81
98            android:directBootAware="false"
98-->[androidx.work:work-runtime:2.3.4] AndroidManifest.xml:54:13-44
99            android:enabled="@bool/enable_system_foreground_service_default"
99-->[androidx.work:work-runtime:2.3.4] AndroidManifest.xml:55:13-77
100            android:exported="false" />
100-->[androidx.work:work-runtime:2.3.4] AndroidManifest.xml:56:13-37
101
102        <receiver
102-->[androidx.work:work-runtime:2.3.4] AndroidManifest.xml:59:9-64:35
103            android:name="androidx.work.impl.utils.ForceStopRunnable$BroadcastReceiver"
103-->[androidx.work:work-runtime:2.3.4] AndroidManifest.xml:60:13-88
104            android:directBootAware="false"
104-->[androidx.work:work-runtime:2.3.4] AndroidManifest.xml:61:13-44
105            android:enabled="true"
105-->[androidx.work:work-runtime:2.3.4] AndroidManifest.xml:62:13-35
106            android:exported="false" />
106-->[androidx.work:work-runtime:2.3.4] AndroidManifest.xml:63:13-37
107        <receiver
107-->[androidx.work:work-runtime:2.3.4] AndroidManifest.xml:65:9-75:20
108            android:name="androidx.work.impl.background.systemalarm.ConstraintProxy$BatteryChargingProxy"
108-->[androidx.work:work-runtime:2.3.4] AndroidManifest.xml:66:13-106
109            android:directBootAware="false"
109-->[androidx.work:work-runtime:2.3.4] AndroidManifest.xml:67:13-44
110            android:enabled="false"
110-->[androidx.work:work-runtime:2.3.4] AndroidManifest.xml:68:13-36
111            android:exported="false" >
111-->[androidx.work:work-runtime:2.3.4] AndroidManifest.xml:69:13-37
112            <intent-filter>
112-->[androidx.work:work-runtime:2.3.4] AndroidManifest.xml:71:13-74:29
113                <action android:name="android.intent.action.ACTION_POWER_CONNECTED" />
113-->[androidx.work:work-runtime:2.3.4] AndroidManifest.xml:72:17-87
113-->[androidx.work:work-runtime:2.3.4] AndroidManifest.xml:72:25-84
114                <action android:name="android.intent.action.ACTION_POWER_DISCONNECTED" />
114-->[androidx.work:work-runtime:2.3.4] AndroidManifest.xml:73:17-90
114-->[androidx.work:work-runtime:2.3.4] AndroidManifest.xml:73:25-87
115            </intent-filter>
116        </receiver>
117        <receiver
117-->[androidx.work:work-runtime:2.3.4] AndroidManifest.xml:76:9-86:20
118            android:name="androidx.work.impl.background.systemalarm.ConstraintProxy$BatteryNotLowProxy"
118-->[androidx.work:work-runtime:2.3.4] AndroidManifest.xml:77:13-104
119            android:directBootAware="false"
119-->[androidx.work:work-runtime:2.3.4] AndroidManifest.xml:78:13-44
120            android:enabled="false"
120-->[androidx.work:work-runtime:2.3.4] AndroidManifest.xml:79:13-36
121            android:exported="false" >
121-->[androidx.work:work-runtime:2.3.4] AndroidManifest.xml:80:13-37
122            <intent-filter>
122-->[androidx.work:work-runtime:2.3.4] AndroidManifest.xml:82:13-85:29
123                <action android:name="android.intent.action.BATTERY_OKAY" />
123-->[androidx.work:work-runtime:2.3.4] AndroidManifest.xml:83:17-77
123-->[androidx.work:work-runtime:2.3.4] AndroidManifest.xml:83:25-74
124                <action android:name="android.intent.action.BATTERY_LOW" />
124-->[androidx.work:work-runtime:2.3.4] AndroidManifest.xml:84:17-76
124-->[androidx.work:work-runtime:2.3.4] AndroidManifest.xml:84:25-73
125            </intent-filter>
126        </receiver>
127        <receiver
127-->[androidx.work:work-runtime:2.3.4] AndroidManifest.xml:87:9-97:20
128            android:name="androidx.work.impl.background.systemalarm.ConstraintProxy$StorageNotLowProxy"
128-->[androidx.work:work-runtime:2.3.4] AndroidManifest.xml:88:13-104
129            android:directBootAware="false"
129-->[androidx.work:work-runtime:2.3.4] AndroidManifest.xml:89:13-44
130            android:enabled="false"
130-->[androidx.work:work-runtime:2.3.4] AndroidManifest.xml:90:13-36
131            android:exported="false" >
131-->[androidx.work:work-runtime:2.3.4] AndroidManifest.xml:91:13-37
132            <intent-filter>
132-->[androidx.work:work-runtime:2.3.4] AndroidManifest.xml:93:13-96:29
133                <action android:name="android.intent.action.DEVICE_STORAGE_LOW" />
133-->[androidx.work:work-runtime:2.3.4] AndroidManifest.xml:94:17-83
133-->[androidx.work:work-runtime:2.3.4] AndroidManifest.xml:94:25-80
134                <action android:name="android.intent.action.DEVICE_STORAGE_OK" />
134-->[androidx.work:work-runtime:2.3.4] AndroidManifest.xml:95:17-82
134-->[androidx.work:work-runtime:2.3.4] AndroidManifest.xml:95:25-79
135            </intent-filter>
136        </receiver>
137        <receiver
137-->[androidx.work:work-runtime:2.3.4] AndroidManifest.xml:98:9-107:20
138            android:name="androidx.work.impl.background.systemalarm.ConstraintProxy$NetworkStateProxy"
138-->[androidx.work:work-runtime:2.3.4] AndroidManifest.xml:99:13-103
139            android:directBootAware="false"
139-->[androidx.work:work-runtime:2.3.4] AndroidManifest.xml:100:13-44
140            android:enabled="false"
140-->[androidx.work:work-runtime:2.3.4] AndroidManifest.xml:101:13-36
141            android:exported="false" >
141-->[androidx.work:work-runtime:2.3.4] AndroidManifest.xml:102:13-37
142            <intent-filter>
142-->[androidx.work:work-runtime:2.3.4] AndroidManifest.xml:104:13-106:29
143                <action android:name="android.net.conn.CONNECTIVITY_CHANGE" />
143-->[androidx.work:work-runtime:2.3.4] AndroidManifest.xml:105:17-79
143-->[androidx.work:work-runtime:2.3.4] AndroidManifest.xml:105:25-76
144            </intent-filter>
145        </receiver>
146        <receiver
146-->[androidx.work:work-runtime:2.3.4] AndroidManifest.xml:108:9-119:20
147            android:name="androidx.work.impl.background.systemalarm.RescheduleReceiver"
147-->[androidx.work:work-runtime:2.3.4] AndroidManifest.xml:109:13-88
148            android:directBootAware="false"
148-->[androidx.work:work-runtime:2.3.4] AndroidManifest.xml:110:13-44
149            android:enabled="false"
149-->[androidx.work:work-runtime:2.3.4] AndroidManifest.xml:111:13-36
150            android:exported="false" >
150-->[androidx.work:work-runtime:2.3.4] AndroidManifest.xml:112:13-37
151            <intent-filter>
151-->[androidx.work:work-runtime:2.3.4] AndroidManifest.xml:114:13-118:29
152                <action android:name="android.intent.action.BOOT_COMPLETED" />
152-->[androidx.work:work-runtime:2.3.4] AndroidManifest.xml:115:17-79
152-->[androidx.work:work-runtime:2.3.4] AndroidManifest.xml:115:25-76
153                <action android:name="android.intent.action.TIME_SET" />
153-->[androidx.work:work-runtime:2.3.4] AndroidManifest.xml:116:17-73
153-->[androidx.work:work-runtime:2.3.4] AndroidManifest.xml:116:25-70
154                <action android:name="android.intent.action.TIMEZONE_CHANGED" />
154-->[androidx.work:work-runtime:2.3.4] AndroidManifest.xml:117:17-81
154-->[androidx.work:work-runtime:2.3.4] AndroidManifest.xml:117:25-78
155            </intent-filter>
156        </receiver>
157        <receiver
157-->[androidx.work:work-runtime:2.3.4] AndroidManifest.xml:120:9-129:20
158            android:name="androidx.work.impl.background.systemalarm.ConstraintProxyUpdateReceiver"
158-->[androidx.work:work-runtime:2.3.4] AndroidManifest.xml:121:13-99
159            android:directBootAware="false"
159-->[androidx.work:work-runtime:2.3.4] AndroidManifest.xml:122:13-44
160            android:enabled="@bool/enable_system_alarm_service_default"
160-->[androidx.work:work-runtime:2.3.4] AndroidManifest.xml:123:13-72
161            android:exported="false" >
161-->[androidx.work:work-runtime:2.3.4] AndroidManifest.xml:124:13-37
162            <intent-filter>
162-->[androidx.work:work-runtime:2.3.4] AndroidManifest.xml:126:13-128:29
163                <action android:name="androidx.work.impl.background.systemalarm.UpdateProxies" />
163-->[androidx.work:work-runtime:2.3.4] AndroidManifest.xml:127:17-98
163-->[androidx.work:work-runtime:2.3.4] AndroidManifest.xml:127:25-95
164            </intent-filter>
165        </receiver>
166
167        <service
167-->[androidx.room:room-runtime:2.2.3] AndroidManifest.xml:25:9-27:40
168            android:name="androidx.room.MultiInstanceInvalidationService"
168-->[androidx.room:room-runtime:2.2.3] AndroidManifest.xml:26:13-74
169            android:exported="false" />
169-->[androidx.room:room-runtime:2.2.3] AndroidManifest.xml:27:13-37
170
171        <receiver android:name="org.altbeacon.beacon.startup.StartupBroadcastReceiver" >
171-->[org.altbeacon:android-beacon-library:2.17] AndroidManifest.xml:21:9-27:20
171-->[org.altbeacon:android-beacon-library:2.17] AndroidManifest.xml:21:19-87
172            <intent-filter>
172-->[org.altbeacon:android-beacon-library:2.17] AndroidManifest.xml:22:13-26:29
173                <action android:name="android.intent.action.BOOT_COMPLETED" />
173-->[androidx.work:work-runtime:2.3.4] AndroidManifest.xml:115:17-79
173-->[androidx.work:work-runtime:2.3.4] AndroidManifest.xml:115:25-76
174                <action android:name="android.intent.action.ACTION_POWER_CONNECTED" />
174-->[androidx.work:work-runtime:2.3.4] AndroidManifest.xml:72:17-87
174-->[androidx.work:work-runtime:2.3.4] AndroidManifest.xml:72:25-84
175                <action android:name="android.intent.action.ACTION_POWER_DISCONNECTED" />
175-->[androidx.work:work-runtime:2.3.4] AndroidManifest.xml:73:17-90
175-->[androidx.work:work-runtime:2.3.4] AndroidManifest.xml:73:25-87
176            </intent-filter>
177        </receiver>
178
179        <service
179-->[org.altbeacon:android-beacon-library:2.17] AndroidManifest.xml:29:9-34:38
180            android:name="org.altbeacon.beacon.service.BeaconService"
180-->[org.altbeacon:android-beacon-library:2.17] AndroidManifest.xml:30:13-70
181            android:enabled="true"
181-->[org.altbeacon:android-beacon-library:2.17] AndroidManifest.xml:31:13-35
182            android:exported="false"
182-->[org.altbeacon:android-beacon-library:2.17] AndroidManifest.xml:32:13-37
183            android:isolatedProcess="false"
183-->[org.altbeacon:android-beacon-library:2.17] AndroidManifest.xml:33:13-44
184            android:label="beacon" />
184-->[org.altbeacon:android-beacon-library:2.17] AndroidManifest.xml:34:13-35
185        <service
185-->[org.altbeacon:android-beacon-library:2.17] AndroidManifest.xml:35:9-38:40
186            android:name="org.altbeacon.beacon.BeaconIntentProcessor"
186-->[org.altbeacon:android-beacon-library:2.17] AndroidManifest.xml:36:13-70
187            android:enabled="true"
187-->[org.altbeacon:android-beacon-library:2.17] AndroidManifest.xml:37:13-35
188            android:exported="false" />
188-->[org.altbeacon:android-beacon-library:2.17] AndroidManifest.xml:38:13-37
189        <service
189-->[org.altbeacon:android-beacon-library:2.17] AndroidManifest.xml:39:9-48:19
190            android:name="org.altbeacon.beacon.service.ScanJob"
190-->[org.altbeacon:android-beacon-library:2.17] AndroidManifest.xml:40:13-64
191            android:permission="android.permission.BIND_JOB_SERVICE" >
191-->[org.altbeacon:android-beacon-library:2.17] AndroidManifest.xml:41:13-69
192            <meta-data
192-->[org.altbeacon:android-beacon-library:2.17] AndroidManifest.xml:42:13-44:45
193                android:name="immediateScanJobId"
193-->[org.altbeacon:android-beacon-library:2.17] AndroidManifest.xml:43:17-50
194                android:value="208352939" />
194-->[org.altbeacon:android-beacon-library:2.17] AndroidManifest.xml:44:17-42
195            <meta-data
195-->[org.altbeacon:android-beacon-library:2.17] AndroidManifest.xml:45:13-47:45
196                android:name="periodicScanJobId"
196-->[org.altbeacon:android-beacon-library:2.17] AndroidManifest.xml:46:17-49
197                android:value="208352940" />
197-->[org.altbeacon:android-beacon-library:2.17] AndroidManifest.xml:47:17-42
198        </service>
199        <service
199-->[org.altbeacon:android-beacon-library:2.17] AndroidManifest.xml:49:9-55:19
200            android:name="org.altbeacon.bluetooth.BluetoothTestJob"
200-->[org.altbeacon:android-beacon-library:2.17] AndroidManifest.xml:50:13-68
201            android:permission="android.permission.BIND_JOB_SERVICE" >
201-->[org.altbeacon:android-beacon-library:2.17] AndroidManifest.xml:51:13-69
202            <meta-data
202-->[org.altbeacon:android-beacon-library:2.17] AndroidManifest.xml:52:13-54:46
203                android:name="jobId"
203-->[org.altbeacon:android-beacon-library:2.17] AndroidManifest.xml:53:17-37
204                android:value="1799803768" />
204-->[org.altbeacon:android-beacon-library:2.17] AndroidManifest.xml:54:17-43
205        </service>
206    </application>
207
208</manifest>